make --dry-run --always-make --keep-going --print-directory
make: Entering directory '/home/taha/desktop/Philosophers/philo_bonus'
 
mkdir -p obj
gcc -g -pthread -Wall -Werror -Wextra -c src/main.c -o obj/main.o
tput civis
printf '\033[0;34m'"Making the"'\033[0m'" main.o\n"
printf  '\033[s'""
printf "\033[1;0f"
sleep 0.02
number=-1+1 ; while [[ $number -ge 0 ]] ; do \
        printf '\033[0;33m'"#"'\033[0m'  ;\
        ((number = number - 1)) ; \
    done
printf  '\033[u'""
printf  "\033[1A"""
tput el
mkdir -p obj
gcc -g -pthread -Wall -Werror -Wextra -c src/linked_list.c -o obj/linked_list.o
tput civis
printf '\033[0;34m'"Making the"'\033[0m'" linked_list.o\n"
printf  '\033[s'""
printf "\033[1;0f"
sleep 0.02
number=-1+1+1 ; while [[ $number -ge 0 ]] ; do \
        printf '\033[0;33m'"#"'\033[0m'  ;\
        ((number = number - 1)) ; \
    done
printf  '\033[u'""
printf  "\033[1A"""
tput el
 
mkdir -p obj
gcc -g -pthread -Wall -Werror -Wextra -c src/ft_free.c -o obj/ft_free.o
tput civis
printf '\033[0;34m'"Making the"'\033[0m'" ft_free.o\n"
printf  '\033[s'""
printf "\033[1;0f"
sleep 0.02
number=-1+1+1+1 ; while [[ $number -ge 0 ]] ; do \
        printf '\033[0;33m'"#"'\033[0m'  ;\
        ((number = number - 1)) ; \
    done
printf  '\033[u'""
printf  "\033[1A"""
tput el
mkdir -p obj
gcc -g -pthread -Wall -Werror -Wextra -c src/parse.c -o obj/parse.o
tput civis
printf '\033[0;34m'"Making the"'\033[0m'" parse.o\n"
printf  '\033[s'""
printf "\033[1;0f"
sleep 0.02
number=-1+1+1+1+1 ; while [[ $number -ge 0 ]] ; do \
        printf '\033[0;33m'"#"'\033[0m'  ;\
        ((number = number - 1)) ; \
    done
printf  '\033[u'""
printf  "\033[1A"""
tput el
 
mkdir -p obj
gcc -g -pthread -Wall -Werror -Wextra -c src/init.c -o obj/init.o
tput civis
printf '\033[0;34m'"Making the"'\033[0m'" init.o\n"
printf  '\033[s'""
printf "\033[1;0f"
sleep 0.02
number=-1+1+1+1+1+1 ; while [[ $number -ge 0 ]] ; do \
        printf '\033[0;33m'"#"'\033[0m'  ;\
        ((number = number - 1)) ; \
    done
printf  '\033[u'""
printf  "\033[1A"""
tput el
 
mkdir -p obj
gcc -g -pthread -Wall -Werror -Wextra -c src/destroy_mutex.c -o obj/destroy_mutex.o
tput civis
printf '\033[0;34m'"Making the"'\033[0m'" destroy_mutex.o\n"
printf  '\033[s'""
printf "\033[1;0f"
sleep 0.02
number=-1+1+1+1+1+1+1 ; while [[ $number -ge 0 ]] ; do \
        printf '\033[0;33m'"#"'\033[0m'  ;\
        ((number = number - 1)) ; \
    done
printf  '\033[u'""
printf  "\033[1A"""
tput el
mkdir -p obj
gcc -g -pthread -Wall -Werror -Wextra -c src/print_state.c -o obj/print_state.o
tput civis
printf '\033[0;34m'"Making the"'\033[0m'" print_state.o\n"
printf  '\033[s'""
printf "\033[1;0f"
sleep 0.02
number=-1+1+1+1+1+1+1+1 ; while [[ $number -ge 0 ]] ; do \
        printf '\033[0;33m'"#"'\033[0m'  ;\
        ((number = number - 1)) ; \
    done
printf  '\033[u'""
printf  "\033[1A"""
tput el
 
mkdir -p obj
gcc -g -pthread -Wall -Werror -Wextra -c src/get_time.c -o obj/get_time.o
tput civis
printf '\033[0;34m'"Making the"'\033[0m'" get_time.o\n"
printf  '\033[s'""
printf "\033[1;0f"
sleep 0.02
number=-1+1+1+1+1+1+1+1+1 ; while [[ $number -ge 0 ]] ; do \
        printf '\033[0;33m'"#"'\033[0m'  ;\
        ((number = number - 1)) ; \
    done
printf  '\033[u'""
printf  "\033[1A"""
tput el
 
mkdir -p obj
gcc -g -pthread -Wall -Werror -Wextra -c src/behaviors.c -o obj/behaviors.o
tput civis
printf '\033[0;34m'"Making the"'\033[0m'" behaviors.o\n"
printf  '\033[s'""
printf "\033[1;0f"
sleep 0.02
number=-1+1+1+1+1+1+1+1+1+1 ; while [[ $number -ge 0 ]] ; do \
        printf '\033[0;33m'"#"'\033[0m'  ;\
        ((number = number - 1)) ; \
    done
printf  '\033[u'""
printf  "\033[1A"""
tput el
 
mkdir -p obj
gcc -g -pthread -Wall -Werror -Wextra -c src/check_die.c -o obj/check_die.o
tput civis
printf '\033[0;34m'"Making the"'\033[0m'" check_die.o\n"
printf  '\033[s'""
printf "\033[1;0f"
sleep 0.02
number=-1+1+1+1+1+1+1+1+1+1+1 ; while [[ $number -ge 0 ]] ; do \
        printf '\033[0;33m'"#"'\033[0m'  ;\
        ((number = number - 1)) ; \
    done
printf  '\033[u'""
printf  "\033[1A"""
tput el
 
mkdir -p obj
gcc -g -pthread -Wall -Werror -Wextra -c src/ft_usleep.c -o obj/ft_usleep.o
tput civis
printf '\033[0;34m'"Making the"'\033[0m'" ft_usleep.o\n"
printf  '\033[s'""
printf "\033[1;0f"
sleep 0.02
number=-1+1+1+1+1+1+1+1+1+1+1+1 ; while [[ $number -ge 0 ]] ; do \
        printf '\033[0;33m'"#"'\033[0m'  ;\
        ((number = number - 1)) ; \
    done
printf  '\033[u'""
printf  "\033[1A"""
tput el
mkdir -p obj
 
gcc -g -pthread -Wall -Werror -Wextra -c src/threads.c -o obj/threads.o
tput civis
printf '\033[0;34m'"Making the"'\033[0m'" threads.o\n"
printf  '\033[s'""
printf "\033[1;0f"
sleep 0.02
number=-1+1+1+1+1+1+1+1+1+1+1+1+1 ; while [[ $number -ge 0 ]] ; do \
        printf '\033[0;33m'"#"'\033[0m'  ;\
        ((number = number - 1)) ; \
    done
printf  '\033[u'""
printf  "\033[1A"""
tput el
mkdir -p obj
gcc -g -pthread -Wall -Werror -Wextra -c src/forks.c -o obj/forks.o
tput civis
printf '\033[0;34m'"Making the"'\033[0m'" forks.o\n"
printf  '\033[s'""
printf "\033[1;0f"
sleep 0.02
number=-1+1+1+1+1+1+1+1+1+1+1+1+1+1 ; while [[ $number -ge 0 ]] ; do \
        printf '\033[0;33m'"#"'\033[0m'  ;\
        ((number = number - 1)) ; \
    done
printf  '\033[u'""
printf  "\033[1A"""
tput el
mkdir -p obj
gcc -g -pthread -Wall -Werror -Wextra -c src/utils/ft_isdigit.c -o obj/utils/ft_isdigit.o
tput civis
printf '\033[0;34m'"Making the"'\033[0m'" ft_isdigit.o\n"
printf  '\033[s'""
printf "\033[1;0f"
sleep 0.02
number=-1+1+1+1+1+1+1+1+1+1+1+1+1+1+1 ; while [[ $number -ge 0 ]] ; do \
        printf '\033[0;33m'"#"'\033[0m'  ;\
        ((number = number - 1)) ; \
    done
printf  '\033[u'""
printf  "\033[1A"""
tput el
mkdir -p obj
gcc -g -pthread -Wall -Werror -Wextra -c src/utils/ft_putstr_fd.c -o obj/utils/ft_putstr_fd.o
tput civis
printf '\033[0;34m'"Making the"'\033[0m'" ft_putstr_fd.o\n"
printf  '\033[s'""
printf "\033[1;0f"
sleep 0.02
number=-1+1+1+1+1+1+1+1+1+1+1+1+1+1+1+1 ; while [[ $number -ge 0 ]] ; do \
        printf '\033[0;33m'"#"'\033[0m'  ;\
        ((number = number - 1)) ; \
    done
printf  '\033[u'""
printf  "\033[1A"""
tput el
mkdir -p obj
gcc -g -pthread -Wall -Werror -Wextra -c src/utils/ft_strcmp.c -o obj/utils/ft_strcmp.o
tput civis
printf '\033[0;34m'"Making the"'\033[0m'" ft_strcmp.o\n"
printf  '\033[s'""
printf "\033[1;0f"
sleep 0.02
number=-1+1+1+1+1+1+1+1+1+1+1+1+1+1+1+1+1 ; while [[ $number -ge 0 ]] ; do \
        printf '\033[0;33m'"#"'\033[0m'  ;\
        ((number = number - 1)) ; \
    done
printf  '\033[u'""
printf  "\033[1A"""
tput el
 
mkdir -p obj
gcc -g -pthread -Wall -Werror -Wextra -c src/utils/ft_itoa.c -o obj/utils/ft_itoa.o
tput civis
printf '\033[0;34m'"Making the"'\033[0m'" ft_itoa.o\n"
printf  '\033[s'""
printf "\033[1;0f"
sleep 0.02
number=-1+1+1+1+1+1+1+1+1+1+1+1+1+1+1+1+1+1 ; while [[ $number -ge 0 ]] ; do \
        printf '\033[0;33m'"#"'\033[0m'  ;\
        ((number = number - 1)) ; \
    done
printf  '\033[u'""
printf  "\033[1A"""
tput el
mkdir -p obj
gcc -g -pthread -Wall -Werror -Wextra -c src/utils/ft_atoi.c -o obj/utils/ft_atoi.o
tput civis
printf '\033[0;34m'"Making the"'\033[0m'" ft_atoi.o\n"
printf  '\033[s'""
printf "\033[1;0f"
sleep 0.02
number=-1+1+1+1+1+1+1+1+1+1+1+1+1+1+1+1+1+1+1 ; while [[ $number -ge 0 ]] ; do \
        printf '\033[0;33m'"#"'\033[0m'  ;\
        ((number = number - 1)) ; \
    done
printf  '\033[u'""
printf  "\033[1A"""
tput el
tput cvvis
gcc -g -pthread -Wall -Werror -Wextra obj/main.o obj/linked_list.o obj/ft_free.o obj/parse.o obj/init.o obj/destroy_mutex.o obj/print_state.o obj/get_time.o obj/behaviors.o obj/check_die.o obj/ft_usleep.o obj/threads.o obj/forks.o obj/utils/ft_isdigit.o obj/utils/ft_putstr_fd.o obj/utils/ft_strcmp.o obj/utils/ft_itoa.o obj/utils/ft_atoi.o -o ./philo_bonus
make: Leaving directory '/home/taha/desktop/Philosophers/philo_bonus'
 
