make all --print-data-base --no-builtin-variables --no-builtin-rules --question
# GNU Make 4.1
# Built for x86_64-pc-linux-gnu
# Copyright (C) 1988-2014 Free Software Foundation, Inc.
# License GPLv3+: GNU GPL version 3 or later <http://gnu.org/licenses/gpl.html>
# This is free software: you are free to change and redistribute it.
# There is NO WARRANTY, to the extent permitted by law.

# Make data base, printed on Sat Jun 25 16:22:19 2022

# Variables

# automatic
<D = $(patsubst %/,%,$(dir $<))
# automatic
?F = $(notdir $?)
# environment
WSLENV = VSCODE_WSL_EXT_LOCATION/up
# default
.SHELLFLAGS := -c
# makefile (from 'makefile', line 29)
OBJ = $(addprefix obj/, $(SRC:.c=.o))
# makefile (from 'makefile', line 26)
SRC = main.c linked_list.c ft_free.c parse.c init.c destroy_mutex.c print_state.c get_time.c behaviors.c check_die.c ft_usleep.c threads.c forks.c
# environment
VSCODE_LOG_NATIVE = false
# automatic
?D = $(patsubst %/,%,$(dir $?))
# automatic
@D = $(patsubst %/,%,$(dir $@))
# automatic
@F = $(notdir $@)
# makefile
CURDIR := /home/taha/desktop/Philosophers/philo_bonus
# makefile (from 'makefile', line 13)
SHELL := /bin/bash 
# makefile (from 'makefile', line 20)
RM = rm -rf
# environment
VSCODE_NLS_CONFIG = {"locale":"en","availableLanguages":{}}
# environment
_ = /bin/sh
# makefile (from 'makefile', line 54)
o := 1
# makefile (from 'makefile', line 53)
r := 15
# makefile (from 'makefile', line 52)
x = -1
# makefile (from 'makefile', line 1)
MAKEFILE_LIST :=  makefile
# 'override' directive
GNUMAKEFLAGS := 
# environment
VSCODE_VERBOSE_LOGGING = true
# makefile (from 'makefile', line 46)
CODE_RESTORE_CURSOR = '\033[u'
# makefile (from 'makefile', line 45)
CODE_SAVE_CURSOR = '\033[s'
# environment
VSCODE_CWD = /mnt/c/Users/Taha/AppData/Local/Programs/Microsoft VS Code
# default
MAKE_HOST := x86_64-pc-linux-gnu
# environment
PATH = /home/taha/.vscode-server/bin/30d9c6cd9483b2cc586687151bcbcd635f373630/bin/remote-cli:/usr/local/sbin:/usr/local/bin:/usr/sbin:/usr/bin:/sbin:/bin:/usr/games:/usr/local/games:/usr/lib/wsl/lib:/mnt/c/Windows/system32:/mnt/c/Windows:/mnt/c/Windows/System32/Wbem:/mnt/c/Windows/System32/WindowsPowerShell/v1.0/:/mnt/c/Windows/System32/OpenSSH/:/mnt/c/Program Files (x86)/Intel/Intel(R) Management Engine Components/DAL:/mnt/c/Program Files/Intel/Intel(R) Management Engine Components/DAL:/mnt/c/Program Files/dotnet/:/mnt/c/Program Files/Git/cmd:/mnt/c/Program Files/CMake/bin:/mnt/c/MinGW/bin:/mnt/c/Program Files (x86)/GnuWin32/bin:/mnt/c/Program Files/PuTTY/:/mnt/c/Program Files (x86)/GNU Arm Embedded Toolchain/10 2021.10/bin:/mnt/c/Users/Taha/AppData/Local/Programs/Python/Python310/Scripts/:/mnt/c/Users/Taha/AppData/Local/Programs/Python/Python310/:/mnt/c/Users/Taha/AppData/Local/Microsoft/WindowsApps:/mnt/c/Users/Taha/AppData/Local/Programs/Microsoft VS Code/bin:/mnt/c/Users/Taha/AppData/Local/Programs/Microsoft VS Code Insiders/bin:/mnt/c/Program Files/JetBrains/PyCharm 2021.3.3/bin:/mnt/c/MinGW/bin:/mnt/c/Program Files (x86)/GnuWin32/bin
# environment
VSCODE_WSL_DEBUG_INFO = true
# makefile (from 'makefile', line 34)
OBJ_UTILS = $(addprefix obj/utils/, $(SRC_UTILS:.c=.o))
# environment
VSCODE_LOG_STACK = false
# default
.FEATURES := target-specific order-only second-expansion else-if shortest-stem undefine oneshell archives jobserver output-sync check-symlink load
# automatic
%F = $(notdir $%)
# makefile (from 'makefile', line 38)
COLOR = '\033[0;32m'
# environment
VSCODE_PIPE_LOGGING = true
# environment
PWD = /home/taha/desktop/Philosophers/philo_bonus
# environment
VSCODE_IPC_HOOK_CLI = /tmp/vscode-ipc-e48c5e54-3c6c-42e8-9093-59f505988c7f.sock
# environment
WSL_INTEROP = /run/WSL/11_interop
# makefile (from 'makefile', line 44)
lines = $(shell tput lines)
# environment
VSCODE_AMD_ENTRYPOINT = vs/workbench/api/node/extensionHostProcess
# environment
HOME = /home/taha
# environment
LOGNAME = taha
# environment
APPLICATION_INSIGHTS_NO_DIAGNOSTIC_CHANNEL = 1
# makefile (from 'makefile', line 22)
CFLAG = -pthread -Wall -Werror -Wextra
# environment
VSCODE_HANDLES_UNCAUGHT_ERRORS = true
# automatic
^D = $(patsubst %/,%,$(dir $^))
# environment
MAKELEVEL := 0
# default
MAKE = $(MAKE_COMMAND)
# default
MAKECMDGOALS := all
# environment
SHLVL = 1
# makefile (from 'makefile', line 21)
CC = gcc -g
# default
MAKE_VERSION := 4.1
# environment
USER = taha
# makefile
.DEFAULT_GOAL := all
# makefile (from 'makefile', line 51)
NAME = ./philo_bonus
# makefile (from 'makefile', line 40)
RE = '\033[0;34m'
# automatic
%D = $(patsubst %/,%,$(dir $%))
# environment
VSCODE_WSL_EXT_LOCATION = /mnt/c/Users/Taha/.vscode/extensions/ms-vscode-remote.remote-wsl-0.66.3
# default
MAKE_COMMAND := make
# makefile (from 'makefile', line 39)
NC = '\033[0m'
# default
.VARIABLES := 
# automatic
*F = $(notdir $*)
# makefile (from 'makefile', line 16)
OS = $(shell uname -s)
# makefile (from 'makefile', line 41)
RED = '\033[0;31m'
# makefile
MAKEFLAGS = pqrR
# environment
MFLAGS = -pqrR
# automatic
*D = $(patsubst %/,%,$(dir $*))
# automatic
+D = $(patsubst %/,%,$(dir $+))
# makefile (from 'makefile', line 42)
YELLOW = '\033[0;33m'
# automatic
+F = $(notdir $+)
# environment
VSCODE_HANDLES_SIGPIPE = true
# default
MAKEFILES := 
# automatic
<F = $(notdir $<)
# makefile (from 'makefile', line 47)
CODE_CURSOR_IN_SCROLL_AREA = "\033[1A"
# environment
LC_ALL = C
# environment
HOSTTYPE = x86_64
# automatic
^F = $(notdir $^)
# default
SUFFIXES := 
# default
.INCLUDE_DIRS = /usr/include /usr/local/include /usr/include
# makefile (from 'makefile', line 33)
SRC_UTILS = ft_isdigit.c ft_putstr_fd.c ft_strcmp.c ft_itoa.c ft_atoi.c
# default
.RECIPEPREFIX := 
# environment
LANG = C
# environment
TERM = xterm-256color
# environment
VSCODE_EXTHOST_WILL_SEND_SOCKET = true
# environment
WSL_DISTRO_NAME = Ubuntu-18.04
# variable set hash-table stats:
# Load=83/1024=8%, Rehash=0, Collisions=6/119=5%

# Pattern-specific Variable Values

# No pattern-specific variable values.

# Directories

# . (device 2064, inode 79130): 8 files, no impossibilities.
# src/utils (device 2064, inode 85906): 5 files, no impossibilities so far.
# src (device 2064, inode 81148): 16 files, no impossibilities so far.

# 29 files, no impossibilities in 3 directories.

# Implicit Rules

obj/%.o: src/%.c
#  recipe to execute (from 'makefile', line 66):
	@ mkdir -p obj
	@ $(CC) $(CFLAG) -c $< -o $@
	@tput civis
	$(eval x=$(x)+1)
	@ printf ${RE}"Making the"${NC}" $(notdir $@)\n"
	@ printf  ${CODE_SAVE_CURSOR}""
	@ printf "\033[$(lines);0f"
	@ sleep 0.02
	@number=$x ; while [[ $$number -ge 0 ]] ; do \
        printf ${YELLOW}"#"${NC}  ;\
        ((number = number - 1)) ; \
    done
	@printf  ${CODE_RESTORE_CURSOR}""
	@printf  ${CODE_CURSOR_IN_SCROLL_AREA}""
	@tput el

# 1 implicit rules, 0 (0.0%) terminal.

# Files

# Not a target:
src/forks.c:
#  Implicit rule search has been done.
#  Last modified 2022-06-25 16:17:04.2065196
#  File has been updated.
#  Successfully updated.

obj/destroy_mutex.o: src/destroy_mutex.c
#  Implicit rule search has been done.
#  Implicit/static pattern stem: 'destroy_mutex'
#  Last modified 2022-06-25 16:21:34.7165196
#  File has been updated.
#  Successfully updated.
#  recipe to execute (from 'makefile', line 66):
	@ mkdir -p obj
	@ $(CC) $(CFLAG) -c $< -o $@
	@tput civis
	$(eval x=$(x)+1)
	@ printf ${RE}"Making the"${NC}" $(notdir $@)\n"
	@ printf  ${CODE_SAVE_CURSOR}""
	@ printf "\033[$(lines);0f"
	@ sleep 0.02
	@number=$x ; while [[ $$number -ge 0 ]] ; do \
        printf ${YELLOW}"#"${NC}  ;\
        ((number = number - 1)) ; \
    done
	@printf  ${CODE_RESTORE_CURSOR}""
	@printf  ${CODE_CURSOR_IN_SCROLL_AREA}""
	@tput el

obj/linked_list.o: src/linked_list.c
#  Implicit rule search has been done.
#  Implicit/static pattern stem: 'linked_list'
#  Last modified 2022-06-25 16:21:34.4265196
#  File has been updated.
#  Successfully updated.
#  recipe to execute (from 'makefile', line 66):
	@ mkdir -p obj
	@ $(CC) $(CFLAG) -c $< -o $@
	@tput civis
	$(eval x=$(x)+1)
	@ printf ${RE}"Making the"${NC}" $(notdir $@)\n"
	@ printf  ${CODE_SAVE_CURSOR}""
	@ printf "\033[$(lines);0f"
	@ sleep 0.02
	@number=$x ; while [[ $$number -ge 0 ]] ; do \
        printf ${YELLOW}"#"${NC}  ;\
        ((number = number - 1)) ; \
    done
	@printf  ${CODE_RESTORE_CURSOR}""
	@printf  ${CODE_CURSOR_IN_SCROLL_AREA}""
	@tput el

obj/get_time.o: src/get_time.c
#  Implicit rule search has been done.
#  Implicit/static pattern stem: 'get_time'
#  Last modified 2022-06-25 16:21:34.8365196
#  File has been updated.
#  Successfully updated.
#  recipe to execute (from 'makefile', line 66):
	@ mkdir -p obj
	@ $(CC) $(CFLAG) -c $< -o $@
	@tput civis
	$(eval x=$(x)+1)
	@ printf ${RE}"Making the"${NC}" $(notdir $@)\n"
	@ printf  ${CODE_SAVE_CURSOR}""
	@ printf "\033[$(lines);0f"
	@ sleep 0.02
	@number=$x ; while [[ $$number -ge 0 ]] ; do \
        printf ${YELLOW}"#"${NC}  ;\
        ((number = number - 1)) ; \
    done
 
	@printf  ${CODE_RESTORE_CURSOR}""
	@printf  ${CODE_CURSOR_IN_SCROLL_AREA}""
	@tput el

all: philo_bonus
#  Command line target.
#  Implicit rule search has been done.
#  File does not exist.
#  File has been updated.
#  Successfully updated.

obj/ft_free.o: src/ft_free.c
#  Implicit rule search has been done.
#  Implicit/static pattern stem: 'ft_free'
#  Last modified 2022-06-25 16:21:34.4865196
#  File has been updated.
#  Successfully updated.
#  recipe to execute (from 'makefile', line 66):
	@ mkdir -p obj
	@ $(CC) $(CFLAG) -c $< -o $@
	@tput civis
	$(eval x=$(x)+1)
	@ printf ${RE}"Making the"${NC}" $(notdir $@)\n"
	@ printf  ${CODE_SAVE_CURSOR}""
	@ printf "\033[$(lines);0f"
	@ sleep 0.02
	@number=$x ; while [[ $$number -ge 0 ]] ; do \
        printf ${YELLOW}"#"${NC}  ;\
        ((number = number - 1)) ; \
    done
	@printf  ${CODE_RESTORE_CURSOR}""
	@printf  ${CODE_CURSOR_IN_SCROLL_AREA}""
	@tput el

obj/utils/ft_strcmp.o: src/utils/ft_strcmp.c
#  Implicit rule search has been done.
#  Implicit/static pattern stem: 'utils/ft_strcmp'
#  Last modified 2022-06-25 16:21:35.3565196
#  File has been updated.
#  Successfully updated.
#  recipe to execute (from 'makefile', line 66):
	@ mkdir -p obj
	@ $(CC) $(CFLAG) -c $< -o $@
	@tput civis
	$(eval x=$(x)+1)
	@ printf ${RE}"Making the"${NC}" $(notdir $@)\n"
	@ printf  ${CODE_SAVE_CURSOR}""
	@ printf "\033[$(lines);0f"
	@ sleep 0.02
	@number=$x ; while [[ $$number -ge 0 ]] ; do \
        printf ${YELLOW}"#"${NC}  ;\
        ((number = number - 1)) ; \
    done
	@printf  ${CODE_RESTORE_CURSOR}""
	@printf  ${CODE_CURSOR_IN_SCROLL_AREA}""
	@tput el

obj/main.o: src/main.c
#  Implicit rule search has been done.
#  Implicit/static pattern stem: 'main'
#  Last modified 2022-06-25 16:21:34.3565196
#  File has been updated.
#  Successfully updated.
#  recipe to execute (from 'makefile', line 66):
	@ mkdir -p obj
	@ $(CC) $(CFLAG) -c $< -o $@
	@tput civis
	$(eval x=$(x)+1)
	@ printf ${RE}"Making the"${NC}" $(notdir $@)\n"
	@ printf  ${CODE_SAVE_CURSOR}""
	@ printf "\033[$(lines);0f"
	@ sleep 0.02
	@number=$x ; while [[ $$number -ge 0 ]] ; do \
        printf ${YELLOW}"#"${NC}  ;\
        ((number = number - 1)) ; \
    done
	@printf  ${CODE_RESTORE_CURSOR}""
	@printf  ${CODE_CURSOR_IN_SCROLL_AREA}""
	@tput el

# Not a target:
src/destroy_mutex.c:
#  Implicit rule search has been done.
#  Last modified 2022-06-25 16:17:04.2065196
#  File has been updated.
#  Successfully updated.

obj/utils/ft_putstr_fd.o: src/utils/ft_putstr_fd.c
#  Implicit rule search has been done.
#  Implicit/static pattern stem: 'utils/ft_putstr_fd'
#  Last modified 2022-06-25 16:21:35.3065196
#  File has been updated.
#  Successfully updated.
#  recipe to execute (from 'makefile', line 66):
	@ mkdir -p obj
	@ $(CC) $(CFLAG) -c $< -o $@
	@tput civis
	$(eval x=$(x)+1)
	@ printf ${RE}"Making the"${NC}" $(notdir $@)\n"
	@ printf  ${CODE_SAVE_CURSOR}""
	@ printf "\033[$(lines);0f"
	@ sleep 0.02
	@number=$x ; while [[ $$number -ge 0 ]] ; do \
        printf ${YELLOW}"#"${NC}  ;\
        ((number = number - 1)) ; \
    done
	@printf  ${CODE_RESTORE_CURSOR}""
	@printf  ${CODE_CURSOR_IN_SCROLL_AREA}""
	@tput el

# Not a target:
src/linked_list.c:
#  Implicit rule search has been done.
#  Last modified 2022-06-25 16:17:04.2065196
#  File has been updated.
#  Successfully updated.

# Not a target:
makefile:
#  Implicit rule search has been done.
#  Last modified 2022-06-25 16:17:04.2065196
#  File has been updated.
#  Successfully updated.

# Not a target:
src/get_time.c:
#  Implicit rule search has been done.
#  Last modified 2022-06-25 16:17:04.2065196
#  File has been updated.
#  Successfully updated.

# Not a target:
src/ft_free.c:
#  Implicit rule search has been done.
#  Last modified 2022-06-25 16:17:04.2065196
#  File has been updated.
#  Successfully updated.

obj/utils/ft_atoi.o: src/utils/ft_atoi.c
#  Implicit rule search has been done.
#  Implicit/static pattern stem: 'utils/ft_atoi'
#  Last modified 2022-06-25 16:21:35.4865196
#  File has been updated.
#  Successfully updated.
#  recipe to execute (from 'makefile', line 66):
	@ mkdir -p obj
	@ $(CC) $(CFLAG) -c $< -o $@
	@tput civis
	$(eval x=$(x)+1)
	@ printf ${RE}"Making the"${NC}" $(notdir $@)\n"
	@ printf  ${CODE_SAVE_CURSOR}""
	@ printf "\033[$(lines);0f"
	@ sleep 0.02
	@number=$x ; while [[ $$number -ge 0 ]] ; do \
        printf ${YELLOW}"#"${NC}  ;\
        ((number = number - 1)) ; \
    done
	@printf  ${CODE_RESTORE_CURSOR}""
	@printf  ${CODE_CURSOR_IN_SCROLL_AREA}""
	@tput el

# Not a target:
src/utils/ft_strcmp.c:
#  Implicit rule search has been done.
#  Last modified 2022-06-25 16:17:04.2165196
#  File has been updated.
#  Successfully updated.

obj/check_die.o: src/check_die.c
#  Implicit rule search has been done.
#  Implicit/static pattern stem: 'check_die'
#  Last modified 2022-06-25 16:21:34.9865196
#  File has been updated.
#  Successfully updated.
#  recipe to execute (from 'makefile', line 66):
	@ mkdir -p obj
	@ $(CC) $(CFLAG) -c $< -o $@
	@tput civis
	$(eval x=$(x)+1)
	@ printf ${RE}"Making the"${NC}" $(notdir $@)\n"
	@ printf  ${CODE_SAVE_CURSOR}""
	@ printf "\033[$(lines);0f"
	@ sleep 0.02
	@number=$x ; while [[ $$number -ge 0 ]] ; do \
        printf ${YELLOW}"#"${NC}  ;\
        ((number = number - 1)) ; \
    done
	@printf  ${CODE_RESTORE_CURSOR}""
	@printf  ${CODE_CURSOR_IN_SCROLL_AREA}""
	@tput el

fclean: clean
#  Implicit rule search has not been done.
#  Modification time never checked.
#  File has not been updated.
#  recipe to execute (from 'makefile', line 88):
	@ $(RM) $(NAME)

# Not a target:
src/main.c:
#  Implicit rule search has been done.
#  Last modified 2022-06-25 16:17:04.2065196
#  File has been updated.
#  Successfully updated.

obj/utils/ft_itoa.o: src/utils/ft_itoa.c
#  Implicit rule search has been done.
#  Implicit/static pattern stem: 'utils/ft_itoa'
#  Last modified 2022-06-25 16:21:35.4265196
#  File has been updated.
#  Successfully updated.
#  recipe to execute (from 'makefile', line 66):
	@ mkdir -p obj
	@ $(CC) $(CFLAG) -c $< -o $@
	@tput civis
	$(eval x=$(x)+1)
	@ printf ${RE}"Making the"${NC}" $(notdir $@)\n"
	@ printf  ${CODE_SAVE_CURSOR}""
	@ printf "\033[$(lines);0f"
	@ sleep 0.02
	@number=$x ; while [[ $$number -ge 0 ]] ; do \
        printf ${YELLOW}"#"${NC}  ;\
        ((number = number - 1)) ; \
    done
	@printf  ${CODE_RESTORE_CURSOR}""
	@printf  ${CODE_CURSOR_IN_SCROLL_AREA}""
	@tput el

# Not a target:
src/utils/ft_putstr_fd.c:
#  Implicit rule search has been done.
#  Last modified 2022-06-25 16:17:04.2165196
#  File has been updated.
#  Successfully updated.

obj/ft_usleep.o: src/ft_usleep.c
#  Implicit rule search has been done.
#  Implicit/static pattern stem: 'ft_usleep'
#  Last modified 2022-06-25 16:21:35.0465196
#  File has been updated.
#  Successfully updated.
#  recipe to execute (from 'makefile', line 66):
	@ mkdir -p obj
	@ $(CC) $(CFLAG) -c $< -o $@
	@tput civis
	$(eval x=$(x)+1)
	@ printf ${RE}"Making the"${NC}" $(notdir $@)\n"
	@ printf  ${CODE_SAVE_CURSOR}""
	@ printf "\033[$(lines);0f"
	@ sleep 0.02
	@number=$x ; while [[ $$number -ge 0 ]] ; do \
        printf ${YELLOW}"#"${NC}  ;\
        ((number = number - 1)) ; \
    done
	@printf  ${CODE_RESTORE_CURSOR}""
	@printf  ${CODE_CURSOR_IN_SCROLL_AREA}""
	@tput el

# Not a target:
.DEFAULT:
#  Implicit rule search has not been done.
#  Modification time never checked.
#  File has not been updated.

obj/utils/ft_isdigit.o: src/utils/ft_isdigit.c
#  Implicit rule search has been done.
#  Implicit/static pattern stem: 'utils/ft_isdigit'
#  Last modified 2022-06-25 16:21:35.2465196
#  File has been updated.
#  Successfully updated.
#  recipe to execute (from 'makefile', line 66):
	@ mkdir -p obj
	@ $(CC) $(CFLAG) -c $< -o $@
	@tput civis
	$(eval x=$(x)+1)
	@ printf ${RE}"Making the"${NC}" $(notdir $@)\n"
	@ printf  ${CODE_SAVE_CURSOR}""
	@ printf "\033[$(lines);0f"
	@ sleep 0.02
	@number=$x ; while [[ $$number -ge 0 ]] ; do \
        printf ${YELLOW}"#"${NC}  ;\
        ((number = number - 1)) ; \
    done
	@printf  ${CODE_RESTORE_CURSOR}""
	@printf  ${CODE_CURSOR_IN_SCROLL_AREA}""
	@tput el

obj/behaviors.o: src/behaviors.c
#  Implicit rule search has been done.
#  Implicit/static pattern stem: 'behaviors'
#  Last modified 2022-06-25 16:21:34.9065196
#  File has been updated.
#  Successfully updated.
#  recipe to execute (from 'makefile', line 66):
	@ mkdir -p obj
	@ $(CC) $(CFLAG) -c $< -o $@
	@tput civis
	$(eval x=$(x)+1)
	@ printf ${RE}"Making the"${NC}" $(notdir $@)\n"
	@ printf  ${CODE_SAVE_CURSOR}""
	@ printf "\033[$(lines);0f"
	@ sleep 0.02
	@number=$x ; while [[ $$number -ge 0 ]] ; do \
        printf ${YELLOW}"#"${NC}  ;\
        ((number = number - 1)) ; \
    done
 
	@printf  ${CODE_RESTORE_CURSOR}""
	@printf  ${CODE_CURSOR_IN_SCROLL_AREA}""
	@tput el

obj/print_state.o: src/print_state.c
#  Implicit rule search has been done.
#  Implicit/static pattern stem: 'print_state'
#  Last modified 2022-06-25 16:21:34.7765196
#  File has been updated.
#  Successfully updated.
#  recipe to execute (from 'makefile', line 66):
	@ mkdir -p obj
	@ $(CC) $(CFLAG) -c $< -o $@
	@tput civis
	$(eval x=$(x)+1)
	@ printf ${RE}"Making the"${NC}" $(notdir $@)\n"
	@ printf  ${CODE_SAVE_CURSOR}""
	@ printf "\033[$(lines);0f"
	@ sleep 0.02
	@number=$x ; while [[ $$number -ge 0 ]] ; do \
        printf ${YELLOW}"#"${NC}  ;\
        ((number = number - 1)) ; \
    done
	@printf  ${CODE_RESTORE_CURSOR}""
	@printf  ${CODE_CURSOR_IN_SCROLL_AREA}""
	@tput el

re: fclean all
#  Implicit rule search has not been done.
#  Modification time never checked.
#  File has not been updated.

# Not a target:
src/utils/ft_atoi.c:
#  Implicit rule search has been done.
#  Last modified 2022-06-25 16:17:04.2065196
#  File has been updated.
#  Successfully updated.

obj/parse.o: src/parse.c
#  Implicit rule search has been done.
#  Implicit/static pattern stem: 'parse'
#  Last modified 2022-06-25 16:21:34.5565196
#  File has been updated.
#  Successfully updated.
#  recipe to execute (from 'makefile', line 66):
	@ mkdir -p obj
	@ $(CC) $(CFLAG) -c $< -o $@
	@tput civis
	$(eval x=$(x)+1)
	@ printf ${RE}"Making the"${NC}" $(notdir $@)\n"
	@ printf  ${CODE_SAVE_CURSOR}""
	@ printf "\033[$(lines);0f"
	@ sleep 0.02
	@number=$x ; while [[ $$number -ge 0 ]] ; do \
        printf ${YELLOW}"#"${NC}  ;\
        ((number = number - 1)) ; \
    done
	@printf  ${CODE_RESTORE_CURSOR}""
	@printf  ${CODE_CURSOR_IN_SCROLL_AREA}""
	@tput el

clean:
#  Implicit rule search has not been done.
#  Modification time never checked.
#  File has not been updated.
#  recipe to execute (from 'makefile', line 84):
	@ $(RM) $(OBJ)
	@ $(RM) $(OBJ_UTILS)

obj/init.o: src/init.c
#  Implicit rule search has been done.
#  Implicit/static pattern stem: 'init'
#  Last modified 2022-06-25 16:21:34.6365196
#  File has been updated.
#  Successfully updated.
#  recipe to execute (from 'makefile', line 66):
	@ mkdir -p obj
	@ $(CC) $(CFLAG) -c $< -o $@
	@tput civis
	$(eval x=$(x)+1)
	@ printf ${RE}"Making the"${NC}" $(notdir $@)\n"
	@ printf  ${CODE_SAVE_CURSOR}""
	@ printf "\033[$(lines);0f"
	@ sleep 0.02
	@number=$x ; while [[ $$number -ge 0 ]] ; do \
        printf ${YELLOW}"#"${NC}  ;\
        ((number = number - 1)) ; \
    done
	@printf  ${CODE_RESTORE_CURSOR}""
	@printf  ${CODE_CURSOR_IN_SCROLL_AREA}""
	@tput el

# Not a target:
src/check_die.c:
#  Implicit rule search has been done.
#  Last modified 2022-06-25 16:17:04.2065196
#  File has been updated.
#  Successfully updated.

obj/threads.o: src/threads.c
#  Implicit rule search has been done.
#  Implicit/static pattern stem: 'threads'
#  Last modified 2022-06-25 16:21:35.1065196
#  File has been updated.
#  Successfully updated.
#  recipe to execute (from 'makefile', line 66):
	@ mkdir -p obj
	@ $(CC) $(CFLAG) -c $< -o $@
	@tput civis
	$(eval x=$(x)+1)
	@ printf ${RE}"Making the"${NC}" $(notdir $@)\n"
	@ printf  ${CODE_SAVE_CURSOR}""
	@ printf "\033[$(lines);0f"
	@ sleep 0.02
	@number=$x ; while [[ $$number -ge 0 ]] ; do \
        printf ${YELLOW}"#"${NC}  ;\
        ((number = number - 1)) ; \
    done
	@printf  ${CODE_RESTORE_CURSOR}""
	@printf  ${CODE_CURSOR_IN_SCROLL_AREA}""
	@tput el

obj/forks.o: src/forks.c
#  Implicit rule search has been done.
#  Implicit/static pattern stem: 'forks'
#  Last modified 2022-06-25 16:21:35.1765196
#  File has been updated.
#  Successfully updated.
#  recipe to execute (from 'makefile', line 66):
	@ mkdir -p obj
	@ $(CC) $(CFLAG) -c $< -o $@
	@tput civis
	$(eval x=$(x)+1)
	@ printf ${RE}"Making the"${NC}" $(notdir $@)\n"
	@ printf  ${CODE_SAVE_CURSOR}""
	@ printf "\033[$(lines);0f"
	@ sleep 0.02
	@number=$x ; while [[ $$number -ge 0 ]] ; do \
        printf ${YELLOW}"#"${NC}  ;\
        ((number = number - 1)) ; \
    done
	@printf  ${CODE_RESTORE_CURSOR}""
	@printf  ${CODE_CURSOR_IN_SCROLL_AREA}""
	@tput el

# Not a target:
src/utils/ft_itoa.c:
#  Implicit rule search has been done.
#  Last modified 2022-06-25 16:17:04.2165196
#  File has been updated.
#  Successfully updated.

philo_bonus: obj/main.o obj/linked_list.o obj/ft_free.o obj/parse.o obj/init.o obj/destroy_mutex.o obj/print_state.o obj/get_time.o obj/behaviors.o obj/check_die.o obj/ft_usleep.o obj/threads.o obj/forks.o obj/utils/ft_isdigit.o obj/utils/ft_putstr_fd.o obj/utils/ft_strcmp.o obj/utils/ft_itoa.o obj/utils/ft_atoi.o
#  Implicit rule search has not been done.
#  Last modified 2022-06-25 16:21:35.6065196
#  File has been updated.
#  Successfully updated.
#  recipe to execute (from 'makefile', line 61):
	@ tput cvvis
	@ $(CC) $(CFLAG) $(OBJ) $(OBJ_UTILS) -o $(NAME)

# Not a target:
src/ft_usleep.c:
#  Implicit rule search has been done.
#  Last modified 2022-06-25 16:17:04.2065196
#  File has been updated.
#  Successfully updated.

# Not a target:
src/utils/ft_isdigit.c:
#  Implicit rule search has been done.
#  Last modified 2022-06-25 16:17:04.2165196
#  File has been updated.
#  Successfully updated.

# Not a target:
src/behaviors.c:
#  Implicit rule search has been done.
#  Last modified 2022-06-25 16:17:04.2065196
#  File has been updated.
#  Successfully updated.

# Not a target:
src/print_state.c:
#  Implicit rule search has been done.
#  Last modified 2022-06-25 16:17:04.2065196
#  File has been updated.
#  Successfully updated.

# Not a target:
src/parse.c:
#  Implicit rule search has been done.
#  Last modified 2022-06-25 16:17:04.2065196
#  File has been updated.
#  Successfully updated.

# Not a target:
src/init.c:
#  Implicit rule search has been done.
#  Last modified 2022-06-25 16:17:04.2065196
#  File has been updated.
#  Successfully updated.

# Not a target:
src/threads.c:
#  Implicit rule search has been done.
#  Last modified 2022-06-25 16:17:04.2065196
#  File has been updated.
#  Successfully updated.

# files hash-table stats:
# Load=44/1024=4%, Rehash=0, Collisions=0/132=0%
# VPATH Search Paths

# No 'vpath' search paths.

# No general ('VPATH' variable) search path.

# strcache buffers: 1 (0) / strings = 92 / storage = 1155 B / avg = 12 B
# current buf: size = 8162 B / used = 1155 B / count = 92 / avg = 12 B

# strcache performance: lookups = 128 / hit rate = 28%
# hash-table stats:
# Load=92/8192=1%, Rehash=0, Collisions=3/128=2%
# Finished Make data base on Sat Jun 25 16:22:19 2022

 
