make all --print-data-base --no-builtin-variables --no-builtin-rules --question
# GNU Make 4.1
# Built for x86_64-pc-linux-gnu
# Copyright (C) 1988-2014 Free Software Foundation, Inc.
# License GPLv3+: GNU GPL version 3 or later <http://gnu.org/licenses/gpl.html>
# This is free software: you are free to change and redistribute it.
# There is NO WARRANTY, to the extent permitted by law.

# Make data base, printed on Thu Jun 23 00:52:39 2022

# Variables

# automatic
<D = $(patsubst %/,%,$(dir $<))
# automatic
?F = $(notdir $?)
# environment
WSLENV = VSCODE_WSL_EXT_LOCATION/up
# default
.SHELLFLAGS := -c
# makefile (from 'makefile', line 22)
OBJ = $(addprefix obj/, $(SRC:.c=.o))
# makefile (from 'makefile', line 20)
SRC = main.c linked_list.c ft_free.c parse.c init.c destroy_mutex.c print_state.c get_time.c behaviors.c check_die.c ft_usleep.c threads.c forks.c
# environment
VSCODE_LOG_NATIVE = false
# makefile (from 'makefile', line 26)
LIBRARY = libft/library/libft.a
# automatic
?D = $(patsubst %/,%,$(dir $?))
# automatic
@D = $(patsubst %/,%,$(dir $@))
# automatic
@F = $(notdir $@)
# makefile
CURDIR := /home/taha/desktop/Philosophers/philo
# makefile
SHELL = /bin/sh
# makefile (from 'makefile', line 16)
RM = rm -rf
# environment
VSCODE_NLS_CONFIG = {"locale":"en","availableLanguages":{}}
# environment
_ = /bin/sh
# makefile (from 'makefile', line 1)
MAKEFILE_LIST :=  makefile
# 'override' directive
GNUMAKEFLAGS := 
# environment
VSCODE_VERBOSE_LOGGING = true
# environment
VSCODE_CWD = /mnt/c/Users/Taha/AppData/Local/Programs/Microsoft VS Code
# default
MAKE_HOST := x86_64-pc-linux-gnu
# environment
PATH = /home/taha/.vscode-server/bin/30d9c6cd9483b2cc586687151bcbcd635f373630/bin/remote-cli:/usr/local/sbin:/usr/local/bin:/usr/sbin:/usr/bin:/sbin:/bin:/usr/games:/usr/local/games:/usr/lib/wsl/lib:/mnt/c/Windows/system32:/mnt/c/Windows:/mnt/c/Windows/System32/Wbem:/mnt/c/Windows/System32/WindowsPowerShell/v1.0/:/mnt/c/Windows/System32/OpenSSH/:/mnt/c/Program Files (x86)/Intel/Intel(R) Management Engine Components/DAL:/mnt/c/Program Files/Intel/Intel(R) Management Engine Components/DAL:/mnt/c/Program Files/dotnet/:/mnt/c/Program Files/Git/cmd:/mnt/c/Program Files/CMake/bin:/mnt/c/MinGW/bin:/mnt/c/Program Files (x86)/GnuWin32/bin:/mnt/c/Program Files/PuTTY/:/mnt/c/Program Files (x86)/GNU Arm Embedded Toolchain/10 2021.10/bin:/mnt/c/Users/Taha/AppData/Local/Programs/Python/Python310/Scripts/:/mnt/c/Users/Taha/AppData/Local/Programs/Python/Python310/:/mnt/c/Users/Taha/AppData/Local/Microsoft/WindowsApps:/mnt/c/Users/Taha/AppData/Local/Programs/Microsoft VS Code/bin:/mnt/c/Users/Taha/AppData/Local/Programs/Microsoft VS Code Insiders/bin:/mnt/c/Program Files/JetBrains/PyCharm 2021.3.3/bin:/mnt/c/MinGW/bin:/mnt/c/Program Files (x86)/GnuWin32/bin
# environment
VSCODE_WSL_DEBUG_INFO = true
# environment
VSCODE_LOG_STACK = false
# default
.FEATURES := target-specific order-only second-expansion else-if shortest-stem undefine oneshell archives jobserver output-sync check-symlink load
# automatic
%F = $(notdir $%)
# makefile (from 'makefile', line 30)
COLOR = '\033[0;32m'
# environment
VSCODE_PIPE_LOGGING = true
# environment
PWD = /home/taha/desktop/Philosophers/philo
# environment
VSCODE_IPC_HOOK_CLI = /tmp/vscode-ipc-5ccce8a7-307b-4baf-8231-af7681d65368.sock
# environment
WSL_INTEROP = /run/WSL/11_interop
# environment
VSCODE_AMD_ENTRYPOINT = vs/workbench/api/node/extensionHostProcess
# environment
HOME = /home/taha
# environment
LOGNAME = taha
# environment
APPLICATION_INSIGHTS_NO_DIAGNOSTIC_CHANNEL = 1
# makefile (from 'makefile', line 23)
CFLAG = -pthread
# environment
VSCODE_HANDLES_UNCAUGHT_ERRORS = true
# automatic
^D = $(patsubst %/,%,$(dir $^))
# environment
MAKELEVEL := 0
# default
MAKE = $(MAKE_COMMAND)
# default
MAKECMDGOALS := all
# environment
SHLVL = 1
# makefile (from 'makefile', line 17)
CC = gcc -g
# default
MAKE_VERSION := 4.1
# environment
USER = taha
# makefile
.DEFAULT_GOAL := all
# makefile (from 'makefile', line 37)
NAME = ./philo
# makefile (from 'makefile', line 32)
RE = '\033[0;34m'
# automatic
%D = $(patsubst %/,%,$(dir $%))
# environment
VSCODE_WSL_EXT_LOCATION = /mnt/c/Users/Taha/.vscode/extensions/ms-vscode-remote.remote-wsl-0.66.3
# default
MAKE_COMMAND := make
# makefile (from 'makefile', line 31)
NC = '\033[0m'
# default
.VARIABLES := 
# automatic
*F = $(notdir $*)
# makefile (from 'makefile', line 14)
OS = $(shell uname -s)
# makefile (from 'makefile', line 33)
RED = '\033[0;31m'
# makefile
MAKEFLAGS = pqrR
# environment
MFLAGS = -pqrR
# automatic
*D = $(patsubst %/,%,$(dir $*))
# automatic
+D = $(patsubst %/,%,$(dir $+))
# automatic
+F = $(notdir $+)
# environment
VSCODE_HANDLES_SIGPIPE = true
# default
MAKEFILES := 
# automatic
<F = $(notdir $<)
# environment
LC_ALL = C
# environment
HOSTTYPE = x86_64
# automatic
^F = $(notdir $^)
# default
SUFFIXES := 
# default
.INCLUDE_DIRS = /usr/include /usr/local/include /usr/include
# default
.RECIPEPREFIX := 
# environment
LANG = C
# environment
TERM = xterm-256color
# environment
VSCODE_EXTHOST_WILL_SEND_SOCKET = true
# environment
WSL_DISTRO_NAME = Ubuntu-18.04
# variable set hash-table stats:
# Load=74/1024=7%, Rehash=0, Collisions=5/106=5%

# Pattern-specific Variable Values

# No pattern-specific variable values.

# Directories

# . (device 2064, inode 2238): 9 files, no impossibilities.
# src (device 2064, inode 70387): 15 files, no impossibilities so far.

# 24 files, no impossibilities in 2 directories.

# Implicit Rules

obj/%.o: src/%.c
#  recipe to execute (from 'makefile', line 47):
	@ mkdir -p obj
	@ $(CC) $(CFLAG) -c $< -o $@
	@ echo ${RE}"Making the $(notdir $@)"${NC}

# 1 implicit rules, 0 (0.0%) terminal.

# Files

# Not a target:
src/forks.c:
#  Implicit rule search has been done.
#  Last modified 2022-06-23 00:29:54.1983967
#  File has been updated.
#  Successfully updated.

obj/destroy_mutex.o: src/destroy_mutex.c
#  Implicit rule search has been done.
#  Implicit/static pattern stem: 'destroy_mutex'
#  Last modified 2022-06-23 00:51:12.5883967
#  File has been updated.
#  Successfully updated.
#  recipe to execute (from 'makefile', line 47):
	@ mkdir -p obj
	@ $(CC) $(CFLAG) -c $< -o $@
	@ echo ${RE}"Making the $(notdir $@)"${NC}

obj/linked_list.o: src/linked_list.c
#  Implicit rule search has been done.
#  Implicit/static pattern stem: 'linked_list'
#  Last modified 2022-06-23 00:51:12.4583967
#  File has been updated.
#  Successfully updated.
#  recipe to execute (from 'makefile', line 47):
	@ mkdir -p obj
	@ $(CC) $(CFLAG) -c $< -o $@
	@ echo ${RE}"Making the $(notdir $@)"${NC}

obj/get_time.o: src/get_time.c
#  Implicit rule search has been done.
#  Implicit/static pattern stem: 'get_time'
#  Last modified 2022-06-23 00:51:12.6783967
#  File has been updated.
#  Successfully updated.
#  recipe to execute (from 'makefile', line 47):
	@ mkdir -p obj
	@ $(CC) $(CFLAG) -c $< -o $@
	@ echo ${RE}"Making the $(notdir $@)"${NC}

all: philo
#  Command line target.
#  Implicit rule search has been done.
#  File does not exist.
#  File has been updated.
#  Successfully updated.

philo: libft/library/libft.a obj/main.o obj/linked_list.o obj/ft_free.o obj/parse.o obj/init.o obj/destroy_mutex.o obj/print_state.o obj/get_time.o obj/behaviors.o obj/check_die.o obj/ft_usleep.o obj/threads.o obj/forks.o
#  Implicit rule search has not been done.
#  Last modified 2022-06-23 00:51:12.9383967
#  File has been updated.
#  Successfully updated.
#  recipe to execute (from 'makefile', line 44):
	@ $(CC) $(CFLAG) $(OBJ) $(LIBRARY) -o $(NAME)

obj/ft_free.o: src/ft_free.c
#  Implicit rule search has been done.
#  Implicit/static pattern stem: 'ft_free'
#  Last modified 2022-06-23 00:51:12.4883967
#  File has been updated.
#  Successfully updated.
#  recipe to execute (from 'makefile', line 47):
	@ mkdir -p obj
	@ $(CC) $(CFLAG) -c $< -o $@
	@ echo ${RE}"Making the $(notdir $@)"${NC}

obj/main.o: src/main.c
#  Implicit rule search has been done.
#  Implicit/static pattern stem: 'main'
#  Last modified 2022-06-23 00:51:12.4283967
#  File has been updated.
#  Successfully updated.
#  recipe to execute (from 'makefile', line 47):
	@ mkdir -p obj
	@ $(CC) $(CFLAG) -c $< -o $@
	@ echo ${RE}"Making the $(notdir $@)"${NC}

# Not a target:
src/destroy_mutex.c:
#  Implicit rule search has been done.
#  Last modified 2022-06-22 17:03:31.67188
#  File has been updated.
#  Successfully updated.

# Not a target:
src/linked_list.c:
#  Implicit rule search has been done.
#  Last modified 2022-06-23 00:24:54.5883967
#  File has been updated.
#  Successfully updated.

# Not a target:
makefile:
#  Implicit rule search has been done.
 
#  Last modified 2022-06-23 00:25:32.7183967
#  File has been updated.
#  Successfully updated.

# Not a target:
src/get_time.c:
#  Implicit rule search has been done.
#  Last modified 2022-06-23 00:24:54.5883967
#  File has been updated.
#  Successfully updated.

# Not a target:
src/ft_free.c:
#  Implicit rule search has been done.
#  Last modified 2022-06-22 18:08:41.700916
#  File has been updated.
#  Successfully updated.

obj/check_die.o: src/check_die.c
#  Implicit rule search has been done.
#  Implicit/static pattern stem: 'check_die'
#  Last modified 2022-06-23 00:51:12.7583967
#  File has been updated.
#  Successfully updated.
#  recipe to execute (from 'makefile', line 47):
	@ mkdir -p obj
	@ $(CC) $(CFLAG) -c $< -o $@
	@ echo ${RE}"Making the $(notdir $@)"${NC}

fclean: clean
#  Implicit rule search has not been done.
#  Modification time never checked.
#  File has not been updated.
#  recipe to execute (from 'makefile', line 60):
	@ make fclean -C libft 
	@ $(RM) $(NAME)

# Not a target:
src/main.c:
#  Implicit rule search has been done.
#  Last modified 2022-06-23 00:47:12.7583967
#  File has been updated.
#  Successfully updated.

obj/ft_usleep.o: src/ft_usleep.c
#  Implicit rule search has been done.
#  Implicit/static pattern stem: 'ft_usleep'
#  Last modified 2022-06-23 00:51:12.7883967
#  File has been updated.
#  Successfully updated.
#  recipe to execute (from 'makefile', line 47):
	@ mkdir -p obj
	@ $(CC) $(CFLAG) -c $< -o $@
	@ echo ${RE}"Making the $(notdir $@)"${NC}

# Not a target:
.DEFAULT:
#  Implicit rule search has not been done.
#  Modification time never checked.
#  File has not been updated.

obj/behaviors.o: src/behaviors.c
#  Implicit rule search has been done.
#  Implicit/static pattern stem: 'behaviors'
#  Last modified 2022-06-23 00:51:12.7283967
#  File has been updated.
#  Successfully updated.
#  recipe to execute (from 'makefile', line 47):
	@ mkdir -p obj
	@ $(CC) $(CFLAG) -c $< -o $@
	@ echo ${RE}"Making the $(notdir $@)"${NC}

obj/print_state.o: src/print_state.c
#  Implicit rule search has been done.
#  Implicit/static pattern stem: 'print_state'
#  Last modified 2022-06-23 00:51:12.6183967
#  File has been updated.
#  Successfully updated.
#  recipe to execute (from 'makefile', line 47):
	@ mkdir -p obj
	@ $(CC) $(CFLAG) -c $< -o $@
	@ echo ${RE}"Making the $(notdir $@)"${NC}

re: fclean all
#  Implicit rule search has not been done.
#  Modification time never checked.
#  File has not been updated.
#  recipe to execute (from 'makefile', line 64):
	# ./main

obj/parse.o: src/parse.c
#  Implicit rule search has been done.
#  Implicit/static pattern stem: 'parse'
#  Last modified 2022-06-23 00:51:12.5283967
#  File has been updated.
#  Successfully updated.
#  recipe to execute (from 'makefile', line 47):
	@ mkdir -p obj
	@ $(CC) $(CFLAG) -c $< -o $@
	@ echo ${RE}"Making the $(notdir $@)"${NC}

clean:
#  Implicit rule search has not been done.
#  Modification time never checked.
#  File has not been updated.
#  recipe to execute (from 'makefile', line 56):
	@ make clean -C libft 
	@ $(RM) $(OBJ)
	

obj/init.o: src/init.c
#  Implicit rule search has been done.
#  Implicit/static pattern stem: 'init'
#  Last modified 2022-06-23 00:51:12.5583967
#  File has been updated.
#  Successfully updated.
#  recipe to execute (from 'makefile', line 47):
	@ mkdir -p obj
	@ $(CC) $(CFLAG) -c $< -o $@
	@ echo ${RE}"Making the $(notdir $@)"${NC}

# Not a target:
src/check_die.c:
#  Implicit rule search has been done.
#  Last modified 2022-06-23 00:47:39.6583967
#  File has been updated.
#  Successfully updated.

obj/threads.o: src/threads.c
#  Implicit rule search has been done.
#  Implicit/static pattern stem: 'threads'
#  Last modified 2022-06-23 00:51:12.8283967
#  File has been updated.
#  Successfully updated.
#  recipe to execute (from 'makefile', line 47):
	@ mkdir -p obj
	@ $(CC) $(CFLAG) -c $< -o $@
	@ echo ${RE}"Making the $(notdir $@)"${NC}

obj/forks.o: src/forks.c
#  Implicit rule search has been done.
#  Implicit/static pattern stem: 'forks'
#  Last modified 2022-06-23 00:51:12.8583967
#  File has been updated.
#  Successfully updated.
#  recipe to execute (from 'makefile', line 47):
	@ mkdir -p obj
	@ $(CC) $(CFLAG) -c $< -o $@
	@ echo ${RE}"Making the $(notdir $@)"${NC}

libft/library/libft.a:
#  Implicit rule search has not been done.
#  Last modified 2022-06-23 00:51:12.3983967
#  File has been updated.
#  Successfully updated.
#  recipe to execute (from 'makefile', line 53):
	@ make -C libft

# Not a target:
src/ft_usleep.c:
#  Implicit rule search has been done.
#  Last modified 2022-06-23 00:50:32.1983967
#  File has been updated.
#  Successfully updated.

# Not a target:
src/behaviors.c:
#  Implicit rule search has been done.
#  Last modified 2022-06-22 17:02:27.29188
#  File has been updated.
#  Successfully updated.

# Not a target:
src/print_state.c:
#  Implicit rule search has been done.
#  Last modified 2022-06-23 00:31:16.1683967
#  File has been updated.
#  Successfully updated.

# Not a target:
src/parse.c:
#  Implicit rule search has been done.
#  Last modified 2022-06-23 00:24:54.5883967
#  File has been updated.
#  Successfully updated.

# Not a target:
src/init.c:
#  Implicit rule search has been done.
#  Last modified 2022-06-23 00:35:36.6383967
#  File has been updated.
#  Successfully updated.

# Not a target:
src/threads.c:
#  Implicit rule search has been done.
#  Last modified 2022-06-23 00:36:06.7783967
#  File has been updated.
#  Successfully updated.

# files hash-table stats:
# Load=35/1024=3%, Rehash=0, Collisions=0/105=0%
# VPATH Search Paths

# No 'vpath' search paths.

# No general ('VPATH' variable) search path.

# strcache buffers: 1 (0) / strings = 72 / storage = 801 B / avg = 11 B
# current buf: size = 8162 B / used = 801 B / count = 72 / avg = 11 B

# strcache performance: lookups = 105 / hit rate = 31%
# hash-table stats:
# Load=72/8192=1%, Rehash=0, Collisions=3/105=3%
# Finished Make data base on Thu Jun 23 00:52:39 2022

 
